[15:22:40] [ServerMain/INFO]: Environment: authHost='https://authserver.mojang.com', accountsHost='https://api.mojang.com', sessionHost='https://sessionserver.mojang.com', servicesHost='https://api.minecraftservices.com', name='PROD'
[15:22:40] [ServerMain/INFO]: Found new data pack file/bukkit, loading it automatically
[15:22:42] [Worker-Main-1/INFO]: Loaded 7 recipes
[15:22:43] [Server thread/INFO]: Starting minecraft server version 1.18.2
[15:22:43] [Server thread/INFO]: Loading properties
[15:22:43] [Server thread/INFO]: This server is running Paper version git-Paper-333 (MC: 1.18.2) (Implementing API version 1.18.2-R0.1-SNAPSHOT) (Git: 9fd870d)
[15:22:43] [Server thread/INFO]: Server Ping Player Sample Count: 12
[15:22:43] [Server thread/INFO]: Using 4 threads for Netty based IO
[15:22:43] [Server thread/INFO]: Default game type: SURVIVAL
[15:22:43] [Server thread/INFO]: Generating keypair
[15:22:43] [Server thread/INFO]: Starting Minecraft server on *:25567
[15:22:43] [Server thread/INFO]: Using epoll channel type
[15:22:43] [Server thread/INFO]: Paper: Using libdeflate (Linux aarch64) compression from Velocity.
[15:22:43] [Server thread/INFO]: Paper: Using OpenSSL (Linux aarch64) cipher from Velocity.
[15:22:43] [Server thread/INFO]: Preparing level "world"
[15:22:54] [Server thread/INFO]: Preparing start region for dimension minecraft:overworld
[15:22:54] [Worker-Main-1/INFO]: Preparing spawn area: 0%
[15:22:54] [Server thread/INFO]: Time elapsed: 472 ms
[15:22:54] [Server thread/INFO]: Preparing start region for dimension minecraft:the_nether
[15:22:54] [Server thread/INFO]: Time elapsed: 379 ms
[15:22:54] [Server thread/INFO]: Preparing start region for dimension minecraft:the_end
[15:22:55] [Server thread/INFO]: Time elapsed: 242 ms
[15:22:55] [Server thread/INFO]: Running delayed init tasks
[15:22:55] [Server thread/INFO]: Done (11.940s)! For help, type "help"
[15:22:55] [Server thread/INFO]: Timings Reset
[15:23:02] [Server thread/INFO]: Stopping the server
[15:23:02] [Server thread/INFO]: Stopping server
[15:23:02] [Server thread/INFO]: Saving players
[15:23:02] [Server thread/INFO]: Saving worlds
[15:23:31] [Server thread/INFO]: Saving chunks for level 'ServerLevel[world]'/minecraft:overworld
[15:23:32] [Server thread/INFO]: Saving chunks for level 'ServerLevel[world_nether]'/minecraft:the_nether
[15:23:32] [Server thread/INFO]: Saving chunks for level 'ServerLevel[world_the_end]'/minecraft:the_end
[15:23:32] [Server thread/INFO]: ThreadedAnvilChunkStorage (world): All chunks are saved
[15:23:32] [Server thread/INFO]: ThreadedAnvilChunkStorage (DIM-1): All chunks are saved
[15:23:32] [Server thread/INFO]: ThreadedAnvilChunkStorage (DIM1): All chunks are saved
[15:23:32] [Server thread/INFO]: ThreadedAnvilChunkStorage: All dimensions are saved
[15:23:33] [Server thread/INFO]: Flushing Chunk IO
[15:23:33] [Server thread/INFO]: Closing Thread Pool
[15:23:33] [Server thread/INFO]: Closing Server
